android/app/build/intermediates/manifest_merge_blame_file/debug/manifest-merger-blame-debug-report.txt
1<?xml version="1.0" encoding="utf-8"?>
2<manifest xmlns:android="http://schemas.android.com/apk/res/android"
3    package="com.onde.resilience"
4    android:versionCode="1"
5    android:versionName="0.1.0" >
6
7    <uses-sdk
8        android:minSdkVersion="24"
9        android:targetSdkVersion="34" />
10
11    <uses-permission android:name="android.permission.INTERNET" />
11-->src/main/AndroidManifest.xml:4:5-67
11-->src/main/AndroidManifest.xml:4:22-64
12    <uses-permission android:name="android.permission.ACCESS_NETWORK_STATE" />
12-->src/main/AndroidManifest.xml:5:5-79
12-->src/main/AndroidManifest.xml:5:22-76
13    <uses-permission android:name="android.permission.ACCESS_WIFI_STATE" />
13-->src/main/AndroidManifest.xml:6:5-76
13-->src/main/AndroidManifest.xml:6:22-73
14    <uses-permission android:name="android.permission.CHANGE_WIFI_STATE" />
14-->src/main/AndroidManifest.xml:7:5-76
14-->src/main/AndroidManifest.xml:7:22-73
15    <uses-permission android:name="android.permission.BLUETOOTH" />
15-->src/main/AndroidManifest.xml:8:5-68
15-->src/main/AndroidManifest.xml:8:22-65
16    <uses-permission android:name="android.permission.BLUETOOTH_ADMIN" />
16-->src/main/AndroidManifest.xml:9:5-74
16-->src/main/AndroidManifest.xml:9:22-71
17    <uses-permission android:name="android.permission.ACCESS_FINE_LOCATION" />
17-->src/main/AndroidManifest.xml:10:5-79
17-->src/main/AndroidManifest.xml:10:22-76
18    <uses-permission android:name="android.permission.ACCESS_COARSE_LOCATION" />
18-->src/main/AndroidManifest.xml:11:5-81
18-->src/main/AndroidManifest.xml:11:22-78
19    <uses-permission android:name="android.permission.RECORD_AUDIO" />
19-->src/main/AndroidManifest.xml:12:5-71
19-->src/main/AndroidManifest.xml:12:22-68
20    <uses-permission android:name="android.permission.WRITE_EXTERNAL_STORAGE" />
20-->src/main/AndroidManifest.xml:13:5-81
20-->src/main/AndroidManifest.xml:13:22-78
21    <uses-permission android:name="android.permission.READ_EXTERNAL_STORAGE" />
21-->src/main/AndroidManifest.xml:14:5-80
21-->src/main/AndroidManifest.xml:14:22-77
22
23    <permission
23-->[androidx.core:core:1.9.0] AndroidManifest.xml:22:5-24:47
24        android:name="com.onde.resilience.DYNAMIC_RECEIVER_NOT_EXPORTED_PERMISSION"
24-->[androidx.core:core:1.9.0] AndroidManifest.xml:23:9-81
25        android:protectionLevel="signature" />
25-->[androidx.core:core:1.9.0] AndroidManifest.xml:24:9-44
26
27    <uses-permission android:name="com.onde.resilience.DYNAMIC_RECEIVER_NOT_EXPORTED_PERMISSION" />
27-->[androidx.core:core:1.9.0] AndroidManifest.xml:26:5-97
27-->[androidx.core:core:1.9.0] AndroidManifest.xml:26:22-94
28
29    <application
29-->src/main/AndroidManifest.xml:16:5-33:19
30        android:allowBackup="true"
30-->src/main/AndroidManifest.xml:17:9-35
31        android:appComponentFactory="androidx.core.app.CoreComponentFactory"
31-->[androidx.core:core:1.9.0] AndroidManifest.xml:28:18-86
32        android:debuggable="true"
33        android:extractNativeLibs="false"
34        android:icon="@drawable/ic_launcher_foreground"
34-->src/main/AndroidManifest.xml:18:9-56
35        android:label="@string/app_name"
35-->src/main/AndroidManifest.xml:19:9-41
36        android:theme="@style/Theme.ONDE"
36-->src/main/AndroidManifest.xml:20:9-42
37        android:usesCleartextTraffic="true" >
37-->src/main/AndroidManifest.xml:21:9-44
38        <activity
38-->src/main/AndroidManifest.xml:23:9-31:20
39            android:name="com.onde.resilience.MainActivity"
39-->src/main/AndroidManifest.xml:24:13-41
40            android:configChanges="orientation|screenSize|keyboardHidden"
40-->src/main/AndroidManifest.xml:26:13-74
41            android:exported="true" >
41-->src/main/AndroidManifest.xml:25:13-36
42            <intent-filter>
42-->src/main/AndroidManifest.xml:27:13-30:29
43                <action android:name="android.intent.action.MAIN" />
43-->src/main/AndroidManifest.xml:28:17-69
43-->src/main/AndroidManifest.xml:28:25-66
44
45                <category android:name="android.intent.category.LAUNCHER" />
45-->src/main/AndroidManifest.xml:29:17-77
45-->src/main/AndroidManifest.xml:29:27-74
46            </intent-filter>
47        </activity>
48
49        <provider
49-->[androidx.emoji2:emoji2:1.2.0] AndroidManifest.xml:24:9-32:20
50            android:name="androidx.startup.InitializationProvider"
50-->[androidx.emoji2:emoji2:1.2.0] AndroidManifest.xml:25:13-67
51            android:authorities="com.onde.resilience.androidx-startup"
51-->[androidx.emoji2:emoji2:1.2.0] AndroidManifest.xml:26:13-68
52            android:exported="false" >
52-->[androidx.emoji2:emoji2:1.2.0] AndroidManifest.xml:27:13-37
53            <meta-data
53-->[androidx.emoji2:emoji2:1.2.0] AndroidManifest.xml:29:13-31:52
54                android:name="androidx.emoji2.text.EmojiCompatInitializer"
54-->[androidx.emoji2:emoji2:1.2.0] AndroidManifest.xml:30:17-75
55                android:value="androidx.startup" />
55-->[androidx.emoji2:emoji2:1.2.0] AndroidManifest.xml:31:17-49
56            <meta-data
56-->[androidx.lifecycle:lifecycle-process:2.4.1] AndroidManifest.xml:31:13-33:52
57                android:name="androidx.lifecycle.ProcessLifecycleInitializer"
57-->[androidx.lifecycle:lifecycle-process:2.4.1] AndroidManifest.xml:32:17-78
58                android:value="androidx.startup" />
58-->[androidx.lifecycle:lifecycle-process:2.4.1] AndroidManifest.xml:33:17-49
59        </provider>
60    </application>
61
62</manifest>